[  2199.389] _XSERVTransSocketUNIXCreateListener: ...SocketCreateListener() failed
[  2199.394] _XSERVTransMakeAllCOTSServerListeners: server already running
[  2199.395] (--) Log file renamed from "/home/kali/.local/share/xorg/Xorg.pid-2056.log" to "/home/kali/.local/share/xorg/Xorg.1.log"
[  2199.444] 
X.Org X Server 1.20.4
X Protocol Version 11, Revision 0
[  2199.446] Build Operating System: Linux 4.9.0-8-amd64 x86_64 Debian
[  2199.446] Current Operating System: Linux kali 5.2.0-kali2-amd64 #1 SMP Debian 5.2.9-2kali1 (2019-08-22) x86_64
[  2199.446] Kernel command line: BOOT_IMAGE=/boot/vmlinuz-5.2.0-kali2-amd64 root=UUID=98aaf7ce-bf00-4a91-be69-8ff1a62f1711 ro initrd=/install/gtk/initrd.gz quiet
[  2199.446] Build Date: 05 March 2019  08:11:12PM
[  2199.446] xorg-server 2:1.20.4-1 (https://www.debian.org/support) 
[  2199.446] Current version of pixman: 0.36.0
[  2199.446] 	Before reporting problems, check http://wiki.x.org
	to make sure that you have the latest version.
[  2199.446] Markers: (--) probed, (**) from config file, (==) default setting,
	(++) from command line, (!!) notice, (II) informational,
	(WW) warning, (EE) error, (NI) not implemented, (??) unknown.
[  2199.447] (==) Log file: "/home/kali/.local/share/xorg/Xorg.1.log", Time: Sun Sep  8 10:12:56 2019
[  2199.531] (==) Using system config directory "/usr/share/X11/xorg.conf.d"
[  2199.556] (==) No Layout section.  Using the first Screen section.
[  2199.557] (==) No screen section available. Using defaults.
[  2199.557] (**) |-->Screen "Default Screen Section" (0)
[  2199.558] (**) |   |-->Monitor "<default monitor>"
[  2199.560] (==) No monitor specified for screen "Default Screen Section".
	Using a default monitor configuration.
[  2199.560] (==) Automatically adding devices
[  2199.561] (==) Automatically enabling devices
[  2199.561] (==) Automatically adding GPU devices
[  2199.562] (==) Max clients allowed: 256, resource mask: 0x1fffff
[  2199.563] (WW) The directory "/usr/share/fonts/X11/cyrillic" does not exist.
[  2199.563] 	Entry deleted from font path.
[  2199.564] (WW) The directory "/usr/share/fonts/X11/100dpi/" does not exist.
[  2199.564] 	Entry deleted from font path.
[  2199.565] (WW) The directory "/usr/share/fonts/X11/75dpi/" does not exist.
[  2199.565] 	Entry deleted from font path.
[  2199.566] (WW) The directory "/usr/share/fonts/X11/100dpi" does not exist.
[  2199.567] 	Entry deleted from font path.
[  2199.567] (WW) The directory "/usr/share/fonts/X11/75dpi" does not exist.
[  2199.568] 	Entry deleted from font path.
[  2199.569] (==) FontPath set to:
	/usr/share/fonts/X11/misc,
	/usr/share/fonts/X11/Type1,
	built-ins
[  2199.569] (==) ModulePath set to "/usr/lib/xorg/modules"
[  2199.569] (II) The server relies on udev to provide the list of input devices.
	If no devices become available, reconfigure udev or disable AutoAddDevices.
[  2199.569] (II) Loader magic: 0x5606f5917e20
[  2199.569] (II) Module ABI versions:
[  2199.569] 	X.Org ANSI C Emulation: 0.4
[  2199.569] 	X.Org Video Driver: 24.0
[  2199.569] 	X.Org XInput driver : 24.1
[  2199.569] 	X.Org Server Extension : 10.0
[  2199.574] (++) using VT number 2

[  2199.608] (II) systemd-logind: took control of session /org/freedesktop/login1/session/_39
[  2199.725] (II) xfree86: Adding drm device (/dev/dri/card0)
[  2199.731] (II) systemd-logind: got fd for /dev/dri/card0 226:0 fd 13 paused 0
[  2199.747] (--) PCI:*(0@0:2:0) 15ad:0405:15ad:0405 rev 0, Mem @ 0xf0000000/67108864, 0xf4000000/2097152, I/O @ 0x0000d010/16, BIOS @ 0x????????/131072
[  2199.748] (II) LoadModule: "glx"
[  2199.862] (II) Loading /usr/lib/xorg/modules/extensions/libglx.so
[  2199.941] (II) Module glx: vendor="X.Org Foundation"
[  2199.941] 	compiled for 1.20.4, module version = 1.0.0
[  2199.946] 	ABI class: X.Org Server Extension, version 10.0
[  2199.950] (==) Matched vmware as autoconfigured driver 0
[  2199.950] (==) Matched modesetting as autoconfigured driver 1
[  2199.950] (==) Matched fbdev as autoconfigured driver 2
[  2199.950] (==) Matched vesa as autoconfigured driver 3
[  2199.950] (==) Assigned the driver to the xf86ConfigLayout
[  2199.951] (II) LoadModule: "vmware"
[  2199.952] (II) Loading /usr/lib/xorg/modules/drivers/vmware_drv.so
[  2201.762] (II) Module vmware: vendor="X.Org Foundation"
[  2201.763] 	compiled for 1.20.0, module version = 13.3.0
[  2201.764] 	Module class: X.Org Video Driver
[  2201.764] 	ABI class: X.Org Video Driver, version 24.0
[  2201.764] (II) LoadModule: "modesetting"
[  2201.766] (II) Loading /usr/lib/xorg/modules/drivers/modesetting_drv.so
[  2201.813] (II) Module modesetting: vendor="X.Org Foundation"
[  2201.813] 	compiled for 1.20.4, module version = 1.20.4
[  2201.813] 	Module class: X.Org Video Driver
[  2201.814] 	ABI class: X.Org Video Driver, version 24.0
[  2201.814] (II) LoadModule: "fbdev"
[  2201.816] (II) Loading /usr/lib/xorg/modules/drivers/fbdev_drv.so
[  2201.860] (II) Module fbdev: vendor="X.Org Foundation"
[  2201.860] 	compiled for 1.20.0, module version = 0.5.0
[  2201.860] 	Module class: X.Org Video Driver
[  2201.860] 	ABI class: X.Org Video Driver, version 24.0
[  2201.860] (II) LoadModule: "vesa"
[  2201.861] (II) Loading /usr/lib/xorg/modules/drivers/vesa_drv.so
[  2201.907] (II) Module vesa: vendor="X.Org Foundation"
[  2201.907] 	compiled for 1.20.4, module version = 2.4.0
[  2201.907] 	Module class: X.Org Video Driver
[  2201.907] 	ABI class: X.Org Video Driver, version 24.0
[  2201.907] (II) vmware: driver for VMware SVGA: vmware0405, vmware0710
[  2201.908] (II) modesetting: Driver for Modesetting Kernel Drivers: kms
[  2201.909] (II) FBDEV: driver for framebuffer: fbdev
[  2201.909] (II) VESA: driver for VESA chipsets: vesa
[  2201.910] xf86EnableIOPorts: failed to set IOPL for I/O (Operation not permitted)
[  2201.910] (WW) Falling back to old probe method for modesetting
[  2201.911] (WW) Falling back to old probe method for fbdev
[  2201.911] (II) Loading sub module "fbdevhw"
[  2201.911] (II) LoadModule: "fbdevhw"
[  2201.913] (II) Loading /usr/lib/xorg/modules/libfbdevhw.so
[  2201.931] (II) Module fbdevhw: vendor="X.Org Foundation"
[  2201.931] 	compiled for 1.20.4, module version = 0.0.2
[  2201.931] 	ABI class: X.Org Video Driver, version 24.0
[  2201.931] (EE) open /dev/fb0: Permission denied
[  2201.932] (WW) VGA arbiter: cannot open kernel arbiter, no multi-card support
[  2201.932] (II) vmware(0): Creating default Display subsection in Screen section
	"Default Screen Section" for depth/fbbpp 24/32
[  2201.932] (--) vmware(0): DRM driver version is 2.15.0
[  2201.933] (==) vmware(0): Depth 24, (--) framebuffer bpp 32
[  2201.933] (==) vmware(0): RGB weight 888
[  2201.933] (==) vmware(0): Default visual is TrueColor
[  2201.934] (--) vmware(0): Min width 1, Max Width 8192.
[  2201.934] (--) vmware(0): Min height 1, Max Height 8192.
[  2201.935] (II) vmware(0): Output Virtual1 has no monitor section
[  2201.935] (II) vmware(0): Output Virtual2 has no monitor section
[  2201.936] (II) vmware(0): Output Virtual3 has no monitor section
[  2201.936] (II) vmware(0): Output Virtual4 has no monitor section
[  2201.936] (II) vmware(0): Output Virtual5 has no monitor section
[  2201.936] (II) vmware(0): Output Virtual6 has no monitor section
[  2201.936] (II) vmware(0): Output Virtual7 has no monitor section
[  2201.936] (II) vmware(0): Output Virtual8 has no monitor section
[  2201.937] (II) vmware(0): Printing probed modes for output Virtual1
[  2201.937] (II) vmware(0): Modeline "1360x661"x60.0   73.48  1360 1410 1460 1510  661 711 761 811 -hsync +vsync (48.7 kHz eP)
[  2201.937] (II) vmware(0): Modeline "2560x1600"x60.0  348.50  2560 2752 3032 3504  1600 1603 1609 1658 -hsync +vsync (99.5 kHz e)
[  2201.937] (II) vmware(0): Modeline "1920x1440"x60.0  234.00  1920 2048 2256 2600  1440 1441 1444 1500 -hsync +vsync (90.0 kHz e)
[  2201.937] (II) vmware(0): Modeline "1856x1392"x60.0  218.25  1856 1952 2176 2528  1392 1393 1396 1439 -hsync +vsync (86.3 kHz e)
[  2201.937] (II) vmware(0): Modeline "1792x1344"x60.0  204.75  1792 1920 2120 2448  1344 1345 1348 1394 -hsync +vsync (83.6 kHz e)
[  2201.937] (II) vmware(0): Modeline "1920x1200"x59.9  193.25  1920 2056 2256 2592  1200 1203 1209 1245 -hsync +vsync (74.6 kHz e)
[  2201.937] (II) vmware(0): Modeline "1600x1200"x60.0  162.00  1600 1664 1856 2160  1200 1201 1204 1250 +hsync +vsync (75.0 kHz e)
[  2201.937] (II) vmware(0): Modeline "1680x1050"x60.0  146.25  1680 1784 1960 2240  1050 1053 1059 1089 -hsync +vsync (65.3 kHz e)
[  2201.937] (II) vmware(0): Modeline "1400x1050"x60.0  121.75  1400 1488 1632 1864  1050 1053 1057 1089 -hsync +vsync (65.3 kHz e)
[  2201.937] (II) vmware(0): Modeline "1280x1024"x60.0  108.00  1280 1328 1440 1688  1024 1025 1028 1066 +hsync +vsync (64.0 kHz e)
[  2201.937] (II) vmware(0): Modeline "1440x900"x59.9  106.50  1440 1520 1672 1904  900 903 909 934 -hsync +vsync (55.9 kHz e)
[  2201.937] (II) vmware(0): Modeline "1280x960"x60.0  108.00  1280 1376 1488 1800  960 961 964 1000 +hsync +vsync (60.0 kHz e)
[  2201.938] (II) vmware(0): Modeline "1360x768"x60.0   85.50  1360 1424 1536 1792  768 771 777 795 +hsync +vsync (47.7 kHz e)
[  2201.938] (II) vmware(0): Modeline "1280x800"x59.8   83.50  1280 1352 1480 1680  800 803 809 831 +hsync -vsync (49.7 kHz e)
[  2201.938] (II) vmware(0): Modeline "1152x864"x75.0  108.00  1152 1216 1344 1600  864 865 868 900 +hsync +vsync (67.5 kHz e)
[  2201.938] (II) vmware(0): Modeline "1280x768"x59.9   79.50  1280 1344 1472 1664  768 771 778 798 -hsync +vsync (47.8 kHz e)
[  2201.938] (II) vmware(0): Modeline "1024x768"x60.0   65.00  1024 1048 1184 1344  768 771 777 806 -hsync -vsync (48.4 kHz e)
[  2201.938] (II) vmware(0): Modeline "800x600"x60.3   40.00  800 840 968 1056  600 601 605 628 +hsync +vsync (37.9 kHz e)
[  2201.938] (II) vmware(0): Modeline "640x480"x59.9   25.18  640 656 752 800  480 489 492 525 -hsync -vsync (31.5 kHz e)
[  2201.938] (II) vmware(0): EDID for output Virtual2
[  2201.938] (II) vmware(0): EDID for output Virtual3
[  2201.938] (II) vmware(0): EDID for output Virtual4
[  2201.938] (II) vmware(0): EDID for output Virtual5
[  2201.939] (II) vmware(0): EDID for output Virtual6
[  2201.939] (II) vmware(0): EDID for output Virtual7
[  2201.939] (II) vmware(0): EDID for output Virtual8
[  2201.939] (II) vmware(0): Output Virtual1 connected
[  2201.939] (II) vmware(0): Output Virtual2 disconnected
[  2201.939] (II) vmware(0): Output Virtual3 disconnected
[  2201.939] (II) vmware(0): Output Virtual4 disconnected
[  2201.939] (II) vmware(0): Output Virtual5 disconnected
[  2201.939] (II) vmware(0): Output Virtual6 disconnected
[  2201.939] (II) vmware(0): Output Virtual7 disconnected
[  2201.939] (II) vmware(0): Output Virtual8 disconnected
[  2201.939] (II) vmware(0): Using exact sizes for initial modes
[  2201.939] (II) vmware(0): Output Virtual1 using initial mode 1360x661 +0+0
[  2201.939] (==) vmware(0): DPI set to (96, 96)
[  2201.940] (==) vmware(0): Using gamma correction (1.0, 1.0, 1.0)
[  2201.940] (II) Loading sub module "fb"
[  2201.940] (II) LoadModule: "fb"
[  2201.940] (II) Loading /usr/lib/xorg/modules/libfb.so
[  2201.941] (II) Module fb: vendor="X.Org Foundation"
[  2201.941] 	compiled for 1.20.4, module version = 1.0.0
[  2201.941] 	ABI class: X.Org ANSI C Emulation, version 0.4
[  2201.941] (II) Loading sub module "dri2"
[  2201.941] (II) LoadModule: "dri2"
[  2201.941] (II) Module "dri2" already built-in
[  2201.941] (II) Loading sub module "dri3"
[  2201.941] (II) LoadModule: "dri3"
[  2201.941] (II) Module "dri3" already built-in
[  2201.941] (II) UnloadModule: "modesetting"
[  2201.942] (II) Unloading modesetting
[  2201.942] (II) UnloadModule: "fbdev"
[  2201.942] (II) Unloading fbdev
[  2201.942] (II) UnloadSubModule: "fbdevhw"
[  2201.943] (II) Unloading fbdevhw
[  2201.943] (II) UnloadModule: "vesa"
[  2201.943] (II) Unloading vesa
[  2201.944] (II) vmware(0): Initialized VMWARE_CTRL extension version 0.2
[  2202.149] (WW) vmware(0): Failed to initialize Gallium3D Xa. No render acceleration available.
[  2202.149] (WW) vmware(0): Skipped initialization of direct rendering due to lack of render acceleration.
[  2202.149] (--) vmware(0): Render acceleration is disabled.
[  2202.150] (==) vmware(0): Rendercheck mode is disabled.
[  2202.150] (--) vmware(0): Direct rendering (DRI2 3D) is disabled.
[  2202.150] (--) vmware(0): Direct rendering (DRI3 3D) is disabled.
[  2202.150] (==) vmware(0): Backing store enabled
[  2202.151] (==) vmware(0): Silken mouse enabled
[  2202.156] (==) vmware(0): DPMS enabled
[  2202.156] (II) vmware(0): No 3D acceleration. Not setting up textured video.
[  2202.156] (WW) vmware(0): Disabling Xv because no adaptors could be initialized.
[  2202.157] (II) Initializing extension Generic Event Extension
[  2202.157] (II) Initializing extension SHAPE
[  2202.158] (II) Initializing extension MIT-SHM
[  2202.159] (II) Initializing extension XInputExtension
[  2202.160] (II) Initializing extension XTEST
[  2202.161] (II) Initializing extension BIG-REQUESTS
[  2202.161] (II) Initializing extension SYNC
[  2202.162] (II) Initializing extension XKEYBOARD
[  2202.163] (II) Initializing extension XC-MISC
[  2202.163] (II) Initializing extension SECURITY
[  2202.164] (II) Initializing extension XFIXES
[  2202.165] (II) Initializing extension RENDER
[  2202.165] (II) Initializing extension RANDR
[  2202.166] (II) Initializing extension COMPOSITE
[  2202.167] (II) Initializing extension DAMAGE
[  2202.167] (II) Initializing extension MIT-SCREEN-SAVER
[  2202.168] (II) Initializing extension DOUBLE-BUFFER
[  2202.168] (II) Initializing extension RECORD
[  2202.169] (II) Initializing extension DPMS
[  2202.170] (II) Initializing extension Present
[  2202.170] (II) Initializing extension DRI3
[  2202.170] (II) Initializing extension X-Resource
[  2202.171] (II) Initializing extension XVideo
[  2202.172] (II) Initializing extension XVideo-MotionCompensation
[  2202.172] (II) Initializing extension SELinux
[  2202.172] (II) SELinux: Disabled on system
[  2202.172] (II) Initializing extension GLX
[  2202.174] (II) AIGLX: Screen 0 is not DRI2 capable
[  2202.492] (II) IGLX: Loaded and initialized swrast
[  2202.492] (II) GLX: Initialized DRISWRAST GL provider for screen 0
[  2202.492] (II) Initializing extension XFree86-VidModeExtension
[  2202.495] (II) Initializing extension XFree86-DGA
[  2202.496] (II) Initializing extension XFree86-DRI
[  2202.496] (II) Initializing extension DRI2
[  2202.510] (II) vmware(0): Setting screen physical size to 359 x 174
[  2203.206] (II) config/udev: Adding input device Power Button (/dev/input/event1)
[  2203.208] (**) Power Button: Applying InputClass "libinput keyboard catchall"
[  2203.208] (II) LoadModule: "libinput"
[  2203.209] (II) Loading /usr/lib/xorg/modules/input/libinput_drv.so
[  2203.266] (II) Module libinput: vendor="X.Org Foundation"
[  2203.266] 	compiled for 1.20.4, module version = 0.29.0
[  2203.266] 	Module class: X.Org XInput Driver
[  2203.266] 	ABI class: X.Org XInput driver, version 24.1
[  2203.266] (II) Using input driver 'libinput' for 'Power Button'
[  2203.274] (II) systemd-logind: got fd for /dev/input/event1 13:65 fd 21 paused 0
[  2203.274] (**) Power Button: always reports core events
[  2203.274] (**) Option "Device" "/dev/input/event1"
[  2203.275] (**) Option "_source" "server/udev"
[  2203.456] (II) event1  - Power Button: is tagged by udev as: Keyboard
[  2203.456] (II) event1  - Power Button: device is a keyboard
[  2203.456] (II) event1  - Power Button: device removed
[  2203.456] (**) Option "config_info" "udev:/sys/devices/LNXSYSTM:00/LNXPWRBN:00/input/input2/event1"
[  2203.457] (II) XINPUT: Adding extended input device "Power Button" (type: KEYBOARD, id 6)
[  2203.457] (**) Option "xkb_model" "pc105"
[  2203.457] (**) Option "xkb_layout" "us"
[  2203.466] (II) event1  - Power Button: is tagged by udev as: Keyboard
[  2203.467] (II) event1  - Power Button: device is a keyboard
[  2203.470] (II) config/udev: Adding input device Sleep Button (/dev/input/event2)
[  2203.470] (**) Sleep Button: Applying InputClass "libinput keyboard catchall"
[  2203.470] (II) Using input driver 'libinput' for 'Sleep Button'
[  2203.474] (II) systemd-logind: got fd for /dev/input/event2 13:66 fd 24 paused 0
[  2203.475] (**) Sleep Button: always reports core events
[  2203.475] (**) Option "Device" "/dev/input/event2"
[  2203.478] (**) Option "_source" "server/udev"
[  2203.492] (II) event2  - Sleep Button: is tagged by udev as: Keyboard
[  2203.494] (II) event2  - Sleep Button: device is a keyboard
[  2203.495] (II) event2  - Sleep Button: device removed
[  2203.495] (**) Option "config_info" "udev:/sys/devices/LNXSYSTM:00/LNXSLPBN:00/input/input3/event2"
[  2203.496] (II) XINPUT: Adding extended input device "Sleep Button" (type: KEYBOARD, id 7)
[  2203.497] (**) Option "xkb_model" "pc105"
[  2203.498] (**) Option "xkb_layout" "us"
[  2203.507] (II) event2  - Sleep Button: is tagged by udev as: Keyboard
[  2203.507] (II) event2  - Sleep Button: device is a keyboard
[  2203.514] (II) config/udev: Adding input device Video Bus (/dev/input/event3)
[  2203.514] (**) Video Bus: Applying InputClass "libinput keyboard catchall"
[  2203.514] (II) Using input driver 'libinput' for 'Video Bus'
[  2203.521] (II) systemd-logind: got fd for /dev/input/event3 13:67 fd 25 paused 0
[  2203.521] (**) Video Bus: always reports core events
[  2203.522] (**) Option "Device" "/dev/input/event3"
[  2203.522] (**) Option "_source" "server/udev"
[  2203.531] (II) event3  - Video Bus: is tagged by udev as: Keyboard
[  2203.533] (II) event3  - Video Bus: device is a keyboard
[  2203.533] (II) event3  - Video Bus: device removed
[  2203.535] (**) Option "config_info" "udev:/sys/devices/LNXSYSTM:00/LNXSYBUS:00/PNP0A03:00/LNXVIDEO:00/input/input4/event3"
[  2203.535] (II) XINPUT: Adding extended input device "Video Bus" (type: KEYBOARD, id 8)
[  2203.535] (**) Option "xkb_model" "pc105"
[  2203.535] (**) Option "xkb_layout" "us"
[  2203.547] (II) event3  - Video Bus: is tagged by udev as: Keyboard
[  2203.548] (II) event3  - Video Bus: device is a keyboard
[  2203.561] (II) config/udev: Adding input device VirtualBox mouse integration (/dev/input/event6)
[  2203.562] (**) VirtualBox mouse integration: Applying InputClass "libinput pointer catchall"
[  2203.563] (II) Using input driver 'libinput' for 'VirtualBox mouse integration'
[  2203.568] (II) systemd-logind: got fd for /dev/input/event6 13:70 fd 26 paused 0
[  2203.568] (**) VirtualBox mouse integration: always reports core events
[  2203.568] (**) Option "Device" "/dev/input/event6"
[  2203.569] (**) Option "_source" "server/udev"
[  2203.579] (II) event6  - VirtualBox mouse integration: is tagged by udev as: Mouse
[  2203.580] (II) event6  - VirtualBox mouse integration: device is a pointer
[  2203.581] (II) event6  - VirtualBox mouse integration: device removed
[  2203.582] (**) Option "config_info" "udev:/sys/devices/pci0000:00/0000:00:04.0/input/input7/event6"
[  2203.584] (II) XINPUT: Adding extended input device "VirtualBox mouse integration" (type: MOUSE, id 9)
[  2203.584] (**) Option "AccelerationScheme" "none"
[  2203.586] (**) VirtualBox mouse integration: (accel) selected scheme none/0
[  2203.587] (**) VirtualBox mouse integration: (accel) acceleration factor: 2.000
[  2203.587] (**) VirtualBox mouse integration: (accel) acceleration threshold: 4
[  2203.595] (II) event6  - VirtualBox mouse integration: is tagged by udev as: Mouse
[  2203.596] (II) event6  - VirtualBox mouse integration: device is a pointer
[  2203.602] (II) config/udev: Adding input device VirtualBox mouse integration (/dev/input/js1)
[  2203.603] (II) No input driver specified, ignoring this device.
[  2203.604] (II) This device may have been added with another device file.
[  2203.611] (II) config/udev: Adding input device AT Translated Set 2 keyboard (/dev/input/event0)
[  2203.612] (**) AT Translated Set 2 keyboard: Applying InputClass "libinput keyboard catchall"
[  2203.612] (II) Using input driver 'libinput' for 'AT Translated Set 2 keyboard'
[  2203.619] (II) systemd-logind: got fd for /dev/input/event0 13:64 fd 27 paused 0
[  2203.620] (**) AT Translated Set 2 keyboard: always reports core events
[  2203.621] (**) Option "Device" "/dev/input/event0"
[  2203.622] (**) Option "_source" "server/udev"
[  2203.632] (II) event0  - AT Translated Set 2 keyboard: is tagged by udev as: Keyboard
[  2203.636] (II) event0  - AT Translated Set 2 keyboard: device is a keyboard
[  2203.640] (II) event0  - AT Translated Set 2 keyboard: device removed
[  2203.642] (**) Option "config_info" "udev:/sys/devices/platform/i8042/serio0/input/input0/event0"
[  2203.643] (II) XINPUT: Adding extended input device "AT Translated Set 2 keyboard" (type: KEYBOARD, id 10)
[  2203.643] (**) Option "xkb_model" "pc105"
[  2203.644] (**) Option "xkb_layout" "us"
[  2203.656] (II) event0  - AT Translated Set 2 keyboard: is tagged by udev as: Keyboard
[  2203.658] (II) event0  - AT Translated Set 2 keyboard: device is a keyboard
[  2203.667] (II) config/udev: Adding input device ImExPS/2 Generic Explorer Mouse (/dev/input/event4)
[  2203.667] (**) ImExPS/2 Generic Explorer Mouse: Applying InputClass "libinput pointer catchall"
[  2203.668] (II) Using input driver 'libinput' for 'ImExPS/2 Generic Explorer Mouse'
[  2203.678] (II) systemd-logind: got fd for /dev/input/event4 13:68 fd 28 paused 0
[  2203.679] (**) ImExPS/2 Generic Explorer Mouse: always reports core events
[  2203.679] (**) Option "Device" "/dev/input/event4"
[  2203.680] (**) Option "_source" "server/udev"
[  2203.705] (II) event4  - ImExPS/2 Generic Explorer Mouse: is tagged by udev as: Mouse
[  2203.706] (II) event4  - ImExPS/2 Generic Explorer Mouse: device is a pointer
[  2203.706] (II) event4  - ImExPS/2 Generic Explorer Mouse: device removed
[  2203.707] (**) Option "config_info" "udev:/sys/devices/platform/i8042/serio1/input/input5/event4"
[  2203.707] (II) XINPUT: Adding extended input device "ImExPS/2 Generic Explorer Mouse" (type: MOUSE, id 11)
[  2203.708] (**) Option "AccelerationScheme" "none"
[  2203.708] (**) ImExPS/2 Generic Explorer Mouse: (accel) selected scheme none/0
[  2203.708] (**) ImExPS/2 Generic Explorer Mouse: (accel) acceleration factor: 2.000
[  2203.708] (**) ImExPS/2 Generic Explorer Mouse: (accel) acceleration threshold: 4
[  2203.716] (II) event4  - ImExPS/2 Generic Explorer Mouse: is tagged by udev as: Mouse
[  2203.716] (II) event4  - ImExPS/2 Generic Explorer Mouse: device is a pointer
[  2203.723] (II) config/udev: Adding input device ImExPS/2 Generic Explorer Mouse (/dev/input/mouse0)
[  2203.723] (II) No input driver specified, ignoring this device.
[  2203.723] (II) This device may have been added with another device file.
[  2203.727] (II) config/udev: Adding input device PC Speaker (/dev/input/event7)
[  2203.727] (II) No input driver specified, ignoring this device.
[  2203.728] (II) This device may have been added with another device file.
[  2715.623] (EE) client bug: timer event4 debounce: offset negative (-21ms)
[  4251.884] (II) event6  - VirtualBox mouse integration: SYN_DROPPED event - some input events have been lost.
[  4991.289] (EE) client bug: timer event4 debounce: offset negative (-35ms)
[  5476.387] (EE) client bug: timer event4 debounce: offset negative (-22ms)
[  5476.459] (EE) client bug: timer event4 debounce: offset negative (-65ms)
[  5476.459] (EE) client bug: timer event4 debounce short: offset negative (-78ms)
